<?xml version="1.0" encoding="UTF-8"?>
<testng-results skipped="0" failed="0" ignored="0" total="1" passed="1">
  <reporter-output>
  </reporter-output>
  <suite name="Default suite" duration-ms="25731" started-at="2019-01-29T12:40:24Z" finished-at="2019-01-29T12:40:49Z">
    <groups>
    </groups>
    <test name="Default test" duration-ms="25731" started-at="2019-01-29T12:40:24Z" finished-at="2019-01-29T12:40:49Z">
      <class name="workingWithElements.WorkingWithWebTables">
        <test-method status="PASS" signature="openURL()[pri:0, instance:workingWithElements.WorkingWithWebTables@475530b9]" name="openURL" is-config="true" duration-ms="21897" started-at="2019-01-29T12:40:24Z" finished-at="2019-01-29T12:40:46Z">
          <reporter-output>
          </reporter-output>
        </test-method> <!-- openURL -->
        <test-method status="PASS" signature="testWebTable()[pri:0, instance:workingWithElements.WorkingWithWebTables@475530b9]" name="testWebTable" duration-ms="1718" started-at="2019-01-29T12:40:46Z" finished-at="2019-01-29T12:40:47Z">
          <reporter-output>
          </reporter-output>
        </test-method> <!-- testWebTable -->
        <test-method status="PASS" signature="closeDriver()[pri:0, instance:workingWithElements.WorkingWithWebTables@475530b9]" name="closeDriver" is-config="true" duration-ms="2091" started-at="2019-01-29T12:40:47Z" finished-at="2019-01-29T12:40:49Z">
          <reporter-output>
          </reporter-output>
        </test-method> <!-- closeDriver -->
      </class> <!-- workingWithElements.WorkingWithWebTables -->
    </test> <!-- Default test -->
  </suite> <!-- Default suite -->
</testng-results>
